<?xml version="1.0" encoding="UTF-8"?>
<!-- Generated by org.testng.reporters.JUnitReportReporter -->
<testsuite hostname="WKMIN3067576" failures="0" tests="1" name="sunnykumarlearning.Test.ErrorMessage" time="16.553" errors="0" timestamp="2024-07-18T18:53:05 BST" skipped="0">
  <testcase classname="sunnykumarlearning.Test.ErrorMessage" name="tshirtNotExist" time="16.553"/>
</testsuite> <!-- sunnykumarlearning.Test.ErrorMessage -->
